<?xml version="1.0" encoding="UTF-8"?>
<!-- Generated by org.testng.reporters.JUnitXMLReporter -->
<testsuite ignored="0" hostname="Att-lp-699" failures="0" tests="3" name="Test cases" time="91.386" errors="0" timestamp="2020-09-01T15:48:02 IST">
  <testcase classname="com.noc.testcases.Loginpagetest" name="titletest" time="0.132"/>
  <testcase classname="com.noc.testcases.Loginpagetest" name="logintest" time="0.476"/>
  <testcase classname="com.noc.testcases.Homepagetest" name="verify_title" time="0.012"/>
</testsuite> <!-- Test cases -->
