<?xml version="1.0" encoding="UTF-8"?>
<testng-results ignored="0" total="3" passed="3" failed="0" skipped="0">
  <reporter-output>
  </reporter-output>
  <suite started-at="2020-09-01T15:46:31 IST" name="NOCApplication test suite" finished-at="2020-09-01T15:48:02 IST" duration-ms="91386">
    <groups>
    </groups>
    <test started-at="2020-09-01T15:46:31 IST" name="Test cases" finished-at="2020-09-01T15:48:02 IST" duration-ms="91386">
      <class name="com.noc.testcases.Loginpagetest">
        <test-method is-config="true" signature="setup()[pri:0, instance:com.noc.testcases.Loginpagetest@7fc2413d]" started-at="2020-09-01T15:46:31 IST" name="setup" finished-at="2020-09-01T15:46:46 IST" duration-ms="15198" status="PASS">
          <reporter-output>
          </reporter-output>
        </test-method> <!-- setup -->
        <test-method signature="titletest()[pri:1, instance:com.noc.testcases.Loginpagetest@7fc2413d]" started-at="2020-09-01T15:46:46 IST" name="titletest" finished-at="2020-09-01T15:46:46 IST" duration-ms="132" status="PASS">
          <reporter-output>
          </reporter-output>
        </test-method> <!-- titletest -->
        <test-method is-config="true" signature="close()[pri:0, instance:com.noc.testcases.Loginpagetest@7fc2413d]" started-at="2020-09-01T15:46:46 IST" name="close" finished-at="2020-09-01T15:46:47 IST" duration-ms="783" status="PASS">
          <reporter-output>
          </reporter-output>
        </test-method> <!-- close -->
        <test-method is-config="true" signature="setup()[pri:0, instance:com.noc.testcases.Loginpagetest@7fc2413d]" started-at="2020-09-01T15:46:47 IST" name="setup" finished-at="2020-09-01T15:47:32 IST" duration-ms="45208" status="PASS">
          <reporter-output>
          </reporter-output>
        </test-method> <!-- setup -->
        <test-method signature="logintest()[pri:2, instance:com.noc.testcases.Loginpagetest@7fc2413d]" started-at="2020-09-01T15:47:32 IST" name="logintest" finished-at="2020-09-01T15:47:33 IST" duration-ms="476" status="PASS">
          <reporter-output>
          </reporter-output>
        </test-method> <!-- logintest -->
        <test-method is-config="true" signature="close()[pri:0, instance:com.noc.testcases.Loginpagetest@7fc2413d]" started-at="2020-09-01T15:47:33 IST" name="close" finished-at="2020-09-01T15:47:33 IST" duration-ms="620" status="PASS">
          <reporter-output>
          </reporter-output>
        </test-method> <!-- close -->
      </class> <!-- com.noc.testcases.Loginpagetest -->
      <class name="com.noc.testcases.Homepagetest">
        <test-method is-config="true" signature="setup()[pri:0, instance:com.noc.testcases.Homepagetest@f8c1ddd]" started-at="2020-09-01T15:47:33 IST" name="setup" finished-at="2020-09-01T15:48:01 IST" duration-ms="28230" status="PASS">
          <reporter-output>
          </reporter-output>
        </test-method> <!-- setup -->
        <test-method signature="verify_title()[pri:0, instance:com.noc.testcases.Homepagetest@f8c1ddd]" started-at="2020-09-01T15:48:01 IST" name="verify_title" finished-at="2020-09-01T15:48:02 IST" duration-ms="12" status="PASS">
          <reporter-output>
          </reporter-output>
        </test-method> <!-- verify_title -->
        <test-method is-config="true" signature="teardown()[pri:0, instance:com.noc.testcases.Homepagetest@f8c1ddd]" started-at="2020-09-01T15:48:02 IST" name="teardown" finished-at="2020-09-01T15:48:02 IST" duration-ms="620" status="PASS">
          <reporter-output>
          </reporter-output>
        </test-method> <!-- teardown -->
      </class> <!-- com.noc.testcases.Homepagetest -->
    </test> <!-- Test cases -->
  </suite> <!-- NOCApplication test suite -->
</testng-results>
